build/app/intermediates/manifest_merge_blame_file/release/manifest-merger-blame-release-report.txt
1<?xml version="1.0" encoding="utf-8"?>
2<manifest xmlns:android="http://schemas.android.com/apk/res/android"
3    package="com.example.flutterai"
4    android:versionCode="1"
5    android:versionName="0.1.0" >
6
7    <uses-sdk
8        android:minSdkVersion="19"
8-->src\main\AndroidManifest.xml
9        android:targetSdkVersion="33" />
9-->src\main\AndroidManifest.xml
10
11    <uses-permission android:name="android.permission.INTERNET" />
11-->[:firebase_dynamic_links] AndroidManifest.xml:9:5-67
11-->[:firebase_dynamic_links] AndroidManifest.xml:9:22-64
12    <uses-permission android:name="android.permission.READ_EXTERNAL_STORAGE" />
12-->[:file_picker] AndroidManifest.xml:9:5-80
12-->[:file_picker] AndroidManifest.xml:9:22-77
13
14    <queries>
14-->[:file_picker] AndroidManifest.xml:11:5-17:15
15        <intent>
15-->[:file_picker] AndroidManifest.xml:12:9-16:18
16            <action android:name="android.intent.action.GET_CONTENT" />
16-->[:file_picker] AndroidManifest.xml:13:13-72
16-->[:file_picker] AndroidManifest.xml:13:21-69
17
18            <data android:mimeType="*/*" />
18-->[:file_picker] AndroidManifest.xml:15:13-44
18-->[:file_picker] AndroidManifest.xml:15:19-41
19        </intent>
20    </queries>
21
22    <uses-permission android:name="android.permission.ACCESS_NETWORK_STATE" />
22-->[com.google.firebase:firebase-auth:22.3.0] AndroidManifest.xml:26:5-79
22-->[com.google.firebase:firebase-auth:22.3.0] AndroidManifest.xml:26:22-76
23
24    <permission
24-->[androidx.core:core:1.10.1] AndroidManifest.xml:22:5-24:47
25        android:name="com.example.flutterai.DYNAMIC_RECEIVER_NOT_EXPORTED_PERMISSION"
25-->[androidx.core:core:1.10.1] AndroidManifest.xml:23:9-81
26        android:protectionLevel="signature" />
26-->[androidx.core:core:1.10.1] AndroidManifest.xml:24:9-44
27
28    <uses-permission android:name="com.example.flutterai.DYNAMIC_RECEIVER_NOT_EXPORTED_PERMISSION" />
28-->[androidx.core:core:1.10.1] AndroidManifest.xml:26:5-97
28-->[androidx.core:core:1.10.1] AndroidManifest.xml:26:22-94
29
30    <application
31        android:name="io.flutter.app.FlutterMultiDexApplication"
31-->src\main\AndroidManifest.xml:5:9-42
32        android:appComponentFactory="androidx.core.app.CoreComponentFactory"
32-->[androidx.core:core:1.10.1] AndroidManifest.xml:28:18-86
33        android:icon="@mipmap/ic_launcher"
33-->src\main\AndroidManifest.xml:6:9-43
34        android:label="flutterai" >
34-->src\main\AndroidManifest.xml:4:9-34
35        <activity
35-->src\main\AndroidManifest.xml:7:9-27:20
36            android:name="com.example.flutterai.MainActivity"
36-->src\main\AndroidManifest.xml:8:13-41
37            android:configChanges="orientation|keyboardHidden|keyboard|screenSize|smallestScreenSize|locale|layoutDirection|fontScale|screenLayout|density|uiMode"
37-->src\main\AndroidManifest.xml:12:13-163
38            android:exported="true"
38-->src\main\AndroidManifest.xml:9:13-36
39            android:hardwareAccelerated="true"
39-->src\main\AndroidManifest.xml:13:13-47
40            android:launchMode="singleTop"
40-->src\main\AndroidManifest.xml:10:13-43
41            android:theme="@style/LaunchTheme"
41-->src\main\AndroidManifest.xml:11:13-47
42            android:windowSoftInputMode="adjustResize" >
42-->src\main\AndroidManifest.xml:14:13-55
43
44            <!--
45                 Specifies an Android theme to apply to this Activity as soon as
46                 the Android process has started. This theme is visible to the user
47                 while the Flutter UI initializes. After that, this theme continues
48                 to determine the Window background behind the Flutter UI.
49            -->
50            <meta-data
50-->src\main\AndroidManifest.xml:19:13-22:17
51                android:name="io.flutter.embedding.android.NormalTheme"
51-->src\main\AndroidManifest.xml:20:15-70
52                android:resource="@style/NormalTheme" />
52-->src\main\AndroidManifest.xml:21:15-52
53
54            <intent-filter>
54-->src\main\AndroidManifest.xml:23:13-26:29
55                <action android:name="android.intent.action.MAIN" />
55-->src\main\AndroidManifest.xml:24:17-68
55-->src\main\AndroidManifest.xml:24:25-66
56
57                <category android:name="android.intent.category.LAUNCHER" />
57-->src\main\AndroidManifest.xml:25:17-76
57-->src\main\AndroidManifest.xml:25:27-74
58            </intent-filter>
59        </activity>
60        <!--
61             Don't delete the meta-data below.
62             This is used by the Flutter tool to generate GeneratedPluginRegistrant.java
63        -->
64        <meta-data
64-->src\main\AndroidManifest.xml:30:9-32:33
65            android:name="flutterEmbedding"
65-->src\main\AndroidManifest.xml:31:13-44
66            android:value="2" />
66-->src\main\AndroidManifest.xml:32:13-30
67
68        <service
68-->[:firebase_auth] AndroidManifest.xml:10:9-14:19
69            android:name="com.google.firebase.components.ComponentDiscoveryService"
69-->[:firebase_auth] AndroidManifest.xml:10:18-89
70            android:directBootAware="true"
70-->[com.google.firebase:firebase-common:20.4.2] AndroidManifest.xml:32:13-43
71            android:exported="false" >
71-->[com.google.firebase:firebase-auth:22.3.0] AndroidManifest.xml:68:13-37
72            <meta-data
72-->[:firebase_auth] AndroidManifest.xml:11:13-13:85
73                android:name="com.google.firebase.components:io.flutter.plugins.firebase.auth.FlutterFirebaseAuthRegistrar"
73-->[:firebase_auth] AndroidManifest.xml:12:17-124
74                android:value="com.google.firebase.components.ComponentRegistrar" />
74-->[:firebase_auth] AndroidManifest.xml:13:17-82
75            <meta-data
75-->[:firebase_storage] AndroidManifest.xml:11:13-13:85
76                android:name="com.google.firebase.components:io.flutter.plugins.firebase.storage.FlutterFirebaseAppRegistrar"
76-->[:firebase_storage] AndroidManifest.xml:12:17-126
77                android:value="com.google.firebase.components.ComponentRegistrar" />
77-->[:firebase_storage] AndroidManifest.xml:13:17-82
78            <meta-data
78-->[:cloud_firestore] AndroidManifest.xml:11:13-13:85
79                android:name="com.google.firebase.components:io.flutter.plugins.firebase.firestore.FlutterFirebaseFirestoreRegistrar"
79-->[:cloud_firestore] AndroidManifest.xml:12:17-134
80                android:value="com.google.firebase.components.ComponentRegistrar" />
80-->[:cloud_firestore] AndroidManifest.xml:13:17-82
81            <meta-data
81-->[:firebase_dynamic_links] AndroidManifest.xml:13:13-15:85
82                android:name="com.google.firebase.components:io.flutter.plugins.firebase.dynamiclinks.FlutterFirebaseAppRegistrar"
82-->[:firebase_dynamic_links] AndroidManifest.xml:14:17-131
83                android:value="com.google.firebase.components.ComponentRegistrar" />
83-->[:firebase_dynamic_links] AndroidManifest.xml:15:17-82
84            <meta-data
84-->[:firebase_core] AndroidManifest.xml:11:13-13:85
85                android:name="com.google.firebase.components:io.flutter.plugins.firebase.core.FlutterFirebaseCoreRegistrar"
85-->[:firebase_core] AndroidManifest.xml:12:17-124
86                android:value="com.google.firebase.components.ComponentRegistrar" />
86-->[:firebase_core] AndroidManifest.xml:13:17-82
87            <meta-data
87-->[com.google.firebase:firebase-auth:22.3.0] AndroidManifest.xml:69:13-71:85
88                android:name="com.google.firebase.components:com.google.firebase.auth.FirebaseAuthRegistrar"
88-->[com.google.firebase:firebase-auth:22.3.0] AndroidManifest.xml:70:17-109
89                android:value="com.google.firebase.components.ComponentRegistrar" />
89-->[com.google.firebase:firebase-auth:22.3.0] AndroidManifest.xml:71:17-82
90            <meta-data
90-->[com.google.firebase:firebase-firestore:24.9.1] AndroidManifest.xml:17:13-19:85
91                android:name="com.google.firebase.components:com.google.firebase.firestore.FirebaseFirestoreKtxRegistrar"
91-->[com.google.firebase:firebase-firestore:24.9.1] AndroidManifest.xml:18:17-122
92                android:value="com.google.firebase.components.ComponentRegistrar" />
92-->[com.google.firebase:firebase-firestore:24.9.1] AndroidManifest.xml:19:17-82
93            <meta-data
93-->[com.google.firebase:firebase-firestore:24.9.1] AndroidManifest.xml:20:13-22:85
94                android:name="com.google.firebase.components:com.google.firebase.firestore.FirestoreRegistrar"
94-->[com.google.firebase:firebase-firestore:24.9.1] AndroidManifest.xml:21:17-111
95                android:value="com.google.firebase.components.ComponentRegistrar" />
95-->[com.google.firebase:firebase-firestore:24.9.1] AndroidManifest.xml:22:17-82
96            <meta-data
96-->[com.google.firebase:firebase-dynamic-links:21.2.0] AndroidManifest.xml:24:13-26:85
97                android:name="com.google.firebase.components:com.google.firebase.dynamiclinks.FirebaseDynamicLinksKtxRegistrar"
97-->[com.google.firebase:firebase-dynamic-links:21.2.0] AndroidManifest.xml:25:17-128
98                android:value="com.google.firebase.components.ComponentRegistrar" />
98-->[com.google.firebase:firebase-dynamic-links:21.2.0] AndroidManifest.xml:26:17-82
99            <meta-data
99-->[com.google.firebase:firebase-dynamic-links:21.2.0] AndroidManifest.xml:27:13-29:85
100                android:name="com.google.firebase.components:com.google.firebase.dynamiclinks.internal.FirebaseDynamicLinkRegistrar"
100-->[com.google.firebase:firebase-dynamic-links:21.2.0] AndroidManifest.xml:28:17-133
101                android:value="com.google.firebase.components.ComponentRegistrar" />
101-->[com.google.firebase:firebase-dynamic-links:21.2.0] AndroidManifest.xml:29:17-82
102            <meta-data
102-->[com.google.firebase:firebase-storage:20.3.0] AndroidManifest.xml:30:13-32:85
103                android:name="com.google.firebase.components:com.google.firebase.storage.FirebaseStorageKtxRegistrar"
103-->[com.google.firebase:firebase-storage:20.3.0] AndroidManifest.xml:31:17-118
104                android:value="com.google.firebase.components.ComponentRegistrar" />
104-->[com.google.firebase:firebase-storage:20.3.0] AndroidManifest.xml:32:17-82
105            <meta-data
105-->[com.google.firebase:firebase-storage:20.3.0] AndroidManifest.xml:33:13-35:85
106                android:name="com.google.firebase.components:com.google.firebase.storage.StorageRegistrar"
106-->[com.google.firebase:firebase-storage:20.3.0] AndroidManifest.xml:34:17-107
107                android:value="com.google.firebase.components.ComponentRegistrar" />
107-->[com.google.firebase:firebase-storage:20.3.0] AndroidManifest.xml:35:17-82
108            <meta-data
108-->[com.google.firebase:firebase-appcheck:17.1.1] AndroidManifest.xml:25:13-27:85
109                android:name="com.google.firebase.components:com.google.firebase.appcheck.FirebaseAppCheckKtxRegistrar"
109-->[com.google.firebase:firebase-appcheck:17.1.1] AndroidManifest.xml:26:17-120
110                android:value="com.google.firebase.components.ComponentRegistrar" />
110-->[com.google.firebase:firebase-appcheck:17.1.1] AndroidManifest.xml:27:17-82
111            <meta-data
111-->[com.google.firebase:firebase-appcheck:17.1.1] AndroidManifest.xml:28:13-30:85
112                android:name="com.google.firebase.components:com.google.firebase.appcheck.FirebaseAppCheckRegistrar"
112-->[com.google.firebase:firebase-appcheck:17.1.1] AndroidManifest.xml:29:17-117
113                android:value="com.google.firebase.components.ComponentRegistrar" />
113-->[com.google.firebase:firebase-appcheck:17.1.1] AndroidManifest.xml:30:17-82
114            <meta-data
114-->[com.google.firebase:firebase-common-ktx:20.4.2] AndroidManifest.xml:12:13-14:85
115                android:name="com.google.firebase.components:com.google.firebase.ktx.FirebaseCommonLegacyRegistrar"
115-->[com.google.firebase:firebase-common-ktx:20.4.2] AndroidManifest.xml:13:17-116
116                android:value="com.google.firebase.components.ComponentRegistrar" />
116-->[com.google.firebase:firebase-common-ktx:20.4.2] AndroidManifest.xml:14:17-82
117            <meta-data
117-->[com.google.firebase:firebase-common:20.4.2] AndroidManifest.xml:35:13-37:85
118                android:name="com.google.firebase.components:com.google.firebase.FirebaseCommonKtxRegistrar"
118-->[com.google.firebase:firebase-common:20.4.2] AndroidManifest.xml:36:17-109
119                android:value="com.google.firebase.components.ComponentRegistrar" />
119-->[com.google.firebase:firebase-common:20.4.2] AndroidManifest.xml:37:17-82
120        </service>
121
122        <provider
122-->[:image_picker_android] AndroidManifest.xml:10:9-18:20
123            android:name="io.flutter.plugins.imagepicker.ImagePickerFileProvider"
123-->[:image_picker_android] AndroidManifest.xml:11:13-82
124            android:authorities="com.example.flutterai.flutter.image_provider"
124-->[:image_picker_android] AndroidManifest.xml:12:13-74
125            android:exported="false"
125-->[:image_picker_android] AndroidManifest.xml:13:13-37
126            android:grantUriPermissions="true" >
126-->[:image_picker_android] AndroidManifest.xml:14:13-47
127            <meta-data
127-->[:image_picker_android] AndroidManifest.xml:15:13-17:75
128                android:name="android.support.FILE_PROVIDER_PATHS"
128-->[:image_picker_android] AndroidManifest.xml:16:17-67
129                android:resource="@xml/flutter_image_picker_file_paths" />
129-->[:image_picker_android] AndroidManifest.xml:17:17-72
130        </provider>
131
132        <activity
132-->[com.google.firebase:firebase-auth:22.3.0] AndroidManifest.xml:29:9-46:20
133            android:name="com.google.firebase.auth.internal.GenericIdpActivity"
133-->[com.google.firebase:firebase-auth:22.3.0] AndroidManifest.xml:30:13-80
134            android:excludeFromRecents="true"
134-->[com.google.firebase:firebase-auth:22.3.0] AndroidManifest.xml:31:13-46
135            android:exported="true"
135-->[com.google.firebase:firebase-auth:22.3.0] AndroidManifest.xml:32:13-36
136            android:launchMode="singleTask"
136-->[com.google.firebase:firebase-auth:22.3.0] AndroidManifest.xml:33:13-44
137            android:theme="@android:style/Theme.Translucent.NoTitleBar" >
137-->[com.google.firebase:firebase-auth:22.3.0] AndroidManifest.xml:34:13-72
138            <intent-filter>
138-->[com.google.firebase:firebase-auth:22.3.0] AndroidManifest.xml:35:13-45:29
139                <action android:name="android.intent.action.VIEW" />
139-->[com.google.firebase:firebase-auth:22.3.0] AndroidManifest.xml:36:17-69
139-->[com.google.firebase:firebase-auth:22.3.0] AndroidManifest.xml:36:25-66
140
141                <category android:name="android.intent.category.DEFAULT" />
141-->[com.google.firebase:firebase-auth:22.3.0] AndroidManifest.xml:38:17-76
141-->[com.google.firebase:firebase-auth:22.3.0] AndroidManifest.xml:38:27-73
142                <category android:name="android.intent.category.BROWSABLE" />
142-->[com.google.firebase:firebase-auth:22.3.0] AndroidManifest.xml:39:17-78
142-->[com.google.firebase:firebase-auth:22.3.0] AndroidManifest.xml:39:27-75
143
144                <data
144-->[:file_picker] AndroidManifest.xml:15:13-44
145                    android:host="firebase.auth"
146                    android:path="/"
147                    android:scheme="genericidp" />
148            </intent-filter>
149        </activity>
150        <activity
150-->[com.google.firebase:firebase-auth:22.3.0] AndroidManifest.xml:47:9-64:20
151            android:name="com.google.firebase.auth.internal.RecaptchaActivity"
151-->[com.google.firebase:firebase-auth:22.3.0] AndroidManifest.xml:48:13-79
152            android:excludeFromRecents="true"
152-->[com.google.firebase:firebase-auth:22.3.0] AndroidManifest.xml:49:13-46
153            android:exported="true"
153-->[com.google.firebase:firebase-auth:22.3.0] AndroidManifest.xml:50:13-36
154            android:launchMode="singleTask"
154-->[com.google.firebase:firebase-auth:22.3.0] AndroidManifest.xml:51:13-44
155            android:theme="@android:style/Theme.Translucent.NoTitleBar" >
155-->[com.google.firebase:firebase-auth:22.3.0] AndroidManifest.xml:52:13-72
156            <intent-filter>
156-->[com.google.firebase:firebase-auth:22.3.0] AndroidManifest.xml:53:13-63:29
157                <action android:name="android.intent.action.VIEW" />
157-->[com.google.firebase:firebase-auth:22.3.0] AndroidManifest.xml:36:17-69
157-->[com.google.firebase:firebase-auth:22.3.0] AndroidManifest.xml:36:25-66
158
159                <category android:name="android.intent.category.DEFAULT" />
159-->[com.google.firebase:firebase-auth:22.3.0] AndroidManifest.xml:38:17-76
159-->[com.google.firebase:firebase-auth:22.3.0] AndroidManifest.xml:38:27-73
160                <category android:name="android.intent.category.BROWSABLE" />
160-->[com.google.firebase:firebase-auth:22.3.0] AndroidManifest.xml:39:17-78
160-->[com.google.firebase:firebase-auth:22.3.0] AndroidManifest.xml:39:27-75
161
162                <data
162-->[:file_picker] AndroidManifest.xml:15:13-44
163                    android:host="firebase.auth"
164                    android:path="/"
165                    android:scheme="recaptcha" />
166            </intent-filter>
167        </activity>
168
169        <provider
169-->[com.google.firebase:firebase-common:20.4.2] AndroidManifest.xml:23:9-28:39
170            android:name="com.google.firebase.provider.FirebaseInitProvider"
170-->[com.google.firebase:firebase-common:20.4.2] AndroidManifest.xml:24:13-77
171            android:authorities="com.example.flutterai.firebaseinitprovider"
171-->[com.google.firebase:firebase-common:20.4.2] AndroidManifest.xml:25:13-72
172            android:directBootAware="true"
172-->[com.google.firebase:firebase-common:20.4.2] AndroidManifest.xml:26:13-43
173            android:exported="false"
173-->[com.google.firebase:firebase-common:20.4.2] AndroidManifest.xml:27:13-37
174            android:initOrder="100" />
174-->[com.google.firebase:firebase-common:20.4.2] AndroidManifest.xml:28:13-36
175
176        <activity
176-->[com.google.android.gms:play-services-base:18.0.1] AndroidManifest.xml:20:9-22:45
177            android:name="com.google.android.gms.common.api.GoogleApiActivity"
177-->[com.google.android.gms:play-services-base:18.0.1] AndroidManifest.xml:20:19-85
178            android:exported="false"
178-->[com.google.android.gms:play-services-base:18.0.1] AndroidManifest.xml:22:19-43
179            android:theme="@android:style/Theme.Translucent.NoTitleBar" />
179-->[com.google.android.gms:play-services-base:18.0.1] AndroidManifest.xml:21:19-78
180
181        <meta-data
181-->[com.google.android.gms:play-services-basement:18.1.0] AndroidManifest.xml:21:9-23:69
182            android:name="com.google.android.gms.version"
182-->[com.google.android.gms:play-services-basement:18.1.0] AndroidManifest.xml:22:13-58
183            android:value="@integer/google_play_services_version" />
183-->[com.google.android.gms:play-services-basement:18.1.0] AndroidManifest.xml:23:13-66
184
185        <uses-library
185-->[androidx.window:window:1.0.0-beta04] AndroidManifest.xml:25:9-27:40
186            android:name="androidx.window.extensions"
186-->[androidx.window:window:1.0.0-beta04] AndroidManifest.xml:26:13-54
187            android:required="false" />
187-->[androidx.window:window:1.0.0-beta04] AndroidManifest.xml:27:13-37
188        <uses-library
188-->[androidx.window:window:1.0.0-beta04] AndroidManifest.xml:28:9-30:40
189            android:name="androidx.window.sidecar"
189-->[androidx.window:window:1.0.0-beta04] AndroidManifest.xml:29:13-51
190            android:required="false" />
190-->[androidx.window:window:1.0.0-beta04] AndroidManifest.xml:30:13-37
191
192        <provider
192-->[androidx.profileinstaller:profileinstaller:1.3.0] AndroidManifest.xml:24:9-32:20
193            android:name="androidx.startup.InitializationProvider"
193-->[androidx.profileinstaller:profileinstaller:1.3.0] AndroidManifest.xml:25:13-67
194            android:authorities="com.example.flutterai.androidx-startup"
194-->[androidx.profileinstaller:profileinstaller:1.3.0] AndroidManifest.xml:26:13-68
195            android:exported="false" >
195-->[androidx.profileinstaller:profileinstaller:1.3.0] AndroidManifest.xml:27:13-37
196            <meta-data
196-->[androidx.profileinstaller:profileinstaller:1.3.0] AndroidManifest.xml:29:13-31:52
197                android:name="androidx.profileinstaller.ProfileInstallerInitializer"
197-->[androidx.profileinstaller:profileinstaller:1.3.0] AndroidManifest.xml:30:17-85
198                android:value="androidx.startup" />
198-->[androidx.profileinstaller:profileinstaller:1.3.0] AndroidManifest.xml:31:17-49
199        </provider>
200
201        <receiver
201-->[androidx.profileinstaller:profileinstaller:1.3.0] AndroidManifest.xml:34:9-52:20
202            android:name="androidx.profileinstaller.ProfileInstallReceiver"
202-->[androidx.profileinstaller:profileinstaller:1.3.0] AndroidManifest.xml:35:13-76
203            android:directBootAware="false"
203-->[androidx.profileinstaller:profileinstaller:1.3.0] AndroidManifest.xml:36:13-44
204            android:enabled="true"
204-->[androidx.profileinstaller:profileinstaller:1.3.0] AndroidManifest.xml:37:13-35
205            android:exported="true"
205-->[androidx.profileinstaller:profileinstaller:1.3.0] AndroidManifest.xml:38:13-36
206            android:permission="android.permission.DUMP" >
206-->[androidx.profileinstaller:profileinstaller:1.3.0] AndroidManifest.xml:39:13-57
207            <intent-filter>
207-->[androidx.profileinstaller:profileinstaller:1.3.0] AndroidManifest.xml:40:13-42:29
208                <action android:name="androidx.profileinstaller.action.INSTALL_PROFILE" />
208-->[androidx.profileinstaller:profileinstaller:1.3.0] AndroidManifest.xml:41:17-91
208-->[androidx.profileinstaller:profileinstaller:1.3.0] AndroidManifest.xml:41:25-88
209            </intent-filter>
210            <intent-filter>
210-->[androidx.profileinstaller:profileinstaller:1.3.0] AndroidManifest.xml:43:13-45:29
211                <action android:name="androidx.profileinstaller.action.SKIP_FILE" />
211-->[androidx.profileinstaller:profileinstaller:1.3.0] AndroidManifest.xml:44:17-85
211-->[androidx.profileinstaller:profileinstaller:1.3.0] AndroidManifest.xml:44:25-82
212            </intent-filter>
213            <intent-filter>
213-->[androidx.profileinstaller:profileinstaller:1.3.0] AndroidManifest.xml:46:13-48:29
214                <action android:name="androidx.profileinstaller.action.SAVE_PROFILE" />
214-->[androidx.profileinstaller:profileinstaller:1.3.0] AndroidManifest.xml:47:17-88
214-->[androidx.profileinstaller:profileinstaller:1.3.0] AndroidManifest.xml:47:25-85
215            </intent-filter>
216            <intent-filter>
216-->[androidx.profileinstaller:profileinstaller:1.3.0] AndroidManifest.xml:49:13-51:29
217                <action android:name="androidx.profileinstaller.action.BENCHMARK_OPERATION" />
217-->[androidx.profileinstaller:profileinstaller:1.3.0] AndroidManifest.xml:50:17-95
217-->[androidx.profileinstaller:profileinstaller:1.3.0] AndroidManifest.xml:50:25-92
218            </intent-filter>
219        </receiver>
220    </application>
221
222</manifest>